Command line invocation:
    /Applications/Xcode.app/Contents/Developer/usr/bin/xcodebuild -project Culler/Culler.xcodeproj -scheme Culler -configuration Debug CODE_SIGNING_ALLOWED=NO build

Build settings from command line:
    CODE_SIGNING_ALLOWED = NO

ComputePackagePrebuildTargetDependencyGraph

Prepare packages

CreateBuildRequest

SendProjectDescription

CreateBuildOperation

ComputeTargetDependencyGraph
note: Building targets in dependency order
note: Target dependency graph (1 target)
    Target 'Culler' in project 'Culler' (no dependencies)

GatherProvisioningInputs

CreateBuildDescription

ExecuteExternalTool /Applications/Xcode.app/Contents/Developer/Toolchains/XcodeDefault.xctoolchain/usr/bin/clang -v -E -dM -isysroot /Applications/Xcode.app/Contents/Developer/Platforms/MacOSX.platform/Developer/SDKs/MacOSX26.2.sdk -x c -c /dev/null

ExecuteExternalTool /Applications/Xcode.app/Contents/Developer/usr/bin/actool --version --output-format xml1

ExecuteExternalTool /Applications/Xcode.app/Contents/Developer/Toolchains/XcodeDefault.xctoolchain/usr/bin/swiftc --version

ExecuteExternalTool /Applications/Xcode.app/Contents/Developer/Toolchains/XcodeDefault.xctoolchain/usr/bin/ld -version_details

Build description signature: 3d26df5ce388ee7c1b07dd76abd8434c
Build description path: /Users/bytedance/Library/Developer/Xcode/DerivedData/Culler-cfbdinfwnavogcdeartxsdxzdvti/Build/Intermediates.noindex/XCBuildData/3d26df5ce388ee7c1b07dd76abd8434c.xcbuilddata
ClangStatCache /Applications/Xcode.app/Contents/Developer/Toolchains/XcodeDefault.xctoolchain/usr/bin/clang-stat-cache /Applications/Xcode.app/Contents/Developer/Platforms/MacOSX.platform/Developer/SDKs/MacOSX26.2.sdk /Users/bytedance/Library/Developer/Xcode/DerivedData/SDKStatCaches.noindex/macosx26.2-25C57-00fa09913b459cbbc988d1f6730289ae.sdkstatcache
    cd /Users/bytedance/workspace/ai-demo/culler/Culler/Culler.xcodeproj
    /Applications/Xcode.app/Contents/Developer/Toolchains/XcodeDefault.xctoolchain/usr/bin/clang-stat-cache /Applications/Xcode.app/Contents/Developer/Platforms/MacOSX.platform/Developer/SDKs/MacOSX26.2.sdk -o /Users/bytedance/Library/Developer/Xcode/DerivedData/SDKStatCaches.noindex/macosx26.2-25C57-00fa09913b459cbbc988d1f6730289ae.sdkstatcache

Ld /Users/bytedance/Library/Developer/Xcode/DerivedData/Culler-cfbdinfwnavogcdeartxsdxzdvti/Build/Products/Debug/Culler.app/Contents/MacOS/__preview.dylib normal (in target 'Culler' from project 'Culler')
    cd /Users/bytedance/workspace/ai-demo/culler/Culler
    /Applications/Xcode.app/Contents/Developer/Toolchains/XcodeDefault.xctoolchain/usr/bin/clang -Xlinker -reproducible -target arm64-apple-macos14.0 -dynamiclib -isysroot /Applications/Xcode.app/Contents/Developer/Platforms/MacOSX.platform/Developer/SDKs/MacOSX26.2.sdk -O0 -L/Users/bytedance/Library/Developer/Xcode/DerivedData/Culler-cfbdinfwnavogcdeartxsdxzdvti/Build/Products/Debug -F/Users/bytedance/Library/Developer/Xcode/DerivedData/Culler-cfbdinfwnavogcdeartxsdxzdvti/Build/Products/Debug -install_name @rpath/Culler.debug.dylib -rdynamic -Xlinker -no_deduplicate -Xlinker -dependency_info -Xlinker /Users/bytedance/Library/Developer/Xcode/DerivedData/Culler-cfbdinfwnavogcdeartxsdxzdvti/Build/Intermediates.noindex/Culler.build/Debug/Culler.build/Objects-normal/arm64/Culler_dependency_info.dat -o /Users/bytedance/Library/Developer/Xcode/DerivedData/Culler-cfbdinfwnavogcdeartxsdxzdvti/Build/Products/Debug/Culler.app/Contents/MacOS/__preview.dylib

ProcessInfoPlistFile /Users/bytedance/Library/Developer/Xcode/DerivedData/Culler-cfbdinfwnavogcdeartxsdxzdvti/Build/Products/Debug/Culler.app/Contents/Info.plist /Users/bytedance/Library/Developer/Xcode/DerivedData/Culler-cfbdinfwnavogcdeartxsdxzdvti/Build/Intermediates.noindex/Culler.build/Debug/Culler.build/empty-Culler.plist (in target 'Culler' from project 'Culler')
    cd /Users/bytedance/workspace/ai-demo/culler/Culler
    builtin-infoPlistUtility /Users/bytedance/Library/Developer/Xcode/DerivedData/Culler-cfbdinfwnavogcdeartxsdxzdvti/Build/Intermediates.noindex/Culler.build/Debug/Culler.build/empty-Culler.plist -producttype com.apple.product-type.application -genpkginfo /Users/bytedance/Library/Developer/Xcode/DerivedData/Culler-cfbdinfwnavogcdeartxsdxzdvti/Build/Products/Debug/Culler.app/Contents/PkgInfo -expandbuildsettings -platform macosx -additionalcontentfile /Users/bytedance/Library/Developer/Xcode/DerivedData/Culler-cfbdinfwnavogcdeartxsdxzdvti/Build/Intermediates.noindex/Culler.build/Debug/Culler.build/assetcatalog_generated_info.plist -o /Users/bytedance/Library/Developer/Xcode/DerivedData/Culler-cfbdinfwnavogcdeartxsdxzdvti/Build/Products/Debug/Culler.app/Contents/Info.plist

Ld /Users/bytedance/Library/Developer/Xcode/DerivedData/Culler-cfbdinfwnavogcdeartxsdxzdvti/Build/Products/Debug/Culler.app/Contents/MacOS/Culler.debug.dylib normal (in target 'Culler' from project 'Culler')
    cd /Users/bytedance/workspace/ai-demo/culler/Culler
    /Applications/Xcode.app/Contents/Developer/Toolchains/XcodeDefault.xctoolchain/usr/bin/clang -Xlinker -reproducible -target arm64-apple-macos14.0 -dynamiclib -isysroot /Applications/Xcode.app/Contents/Developer/Platforms/MacOSX.platform/Developer/SDKs/MacOSX26.2.sdk -O0 -L/Users/bytedance/Library/Developer/Xcode/DerivedData/Culler-cfbdinfwnavogcdeartxsdxzdvti/Build/Intermediates.noindex/EagerLinkingTBDs/Debug -L/Users/bytedance/Library/Developer/Xcode/DerivedData/Culler-cfbdinfwnavogcdeartxsdxzdvti/Build/Products/Debug -F/Users/bytedance/Library/Developer/Xcode/DerivedData/Culler-cfbdinfwnavogcdeartxsdxzdvti/Build/Intermediates.noindex/EagerLinkingTBDs/Debug -F/Users/bytedance/Library/Developer/Xcode/DerivedData/Culler-cfbdinfwnavogcdeartxsdxzdvti/Build/Products/Debug -filelist /Users/bytedance/Library/Developer/Xcode/DerivedData/Culler-cfbdinfwnavogcdeartxsdxzdvti/Build/Intermediates.noindex/Culler.build/Debug/Culler.build/Objects-normal/arm64/Culler.LinkFileList -install_name @rpath/Culler.debug.dylib -Xlinker -rpath -Xlinker /usr/lib/swift -Xlinker -rpath -Xlinker @executable_path/../Frameworks -Xlinker -object_path_lto -Xlinker /Users/bytedance/Library/Developer/Xcode/DerivedData/Culler-cfbdinfwnavogcdeartxsdxzdvti/Build/Intermediates.noindex/Culler.build/Debug/Culler.build/Objects-normal/arm64/Culler_lto.o -rdynamic -Xlinker -no_deduplicate -Xlinker -dependency_info -Xlinker /Users/bytedance/Library/Developer/Xcode/DerivedData/Culler-cfbdinfwnavogcdeartxsdxzdvti/Build/Intermediates.noindex/Culler.build/Debug/Culler.build/Objects-normal/arm64/Culler_dependency_info.dat -fobjc-link-runtime -L/Applications/Xcode.app/Contents/Developer/Toolchains/XcodeDefault.xctoolchain/usr/lib/swift/macosx -L/usr/lib/swift -Xlinker -add_ast_path -Xlinker /Users/bytedance/Library/Developer/Xcode/DerivedData/Culler-cfbdinfwnavogcdeartxsdxzdvti/Build/Intermediates.noindex/Culler.build/Debug/Culler.build/Objects-normal/arm64/Culler.swiftmodule @/Users/bytedance/Library/Developer/Xcode/DerivedData/Culler-cfbdinfwnavogcdeartxsdxzdvti/Build/Intermediates.noindex/Culler.build/Debug/Culler.build/Objects-normal/arm64/Culler-linker-args.resp -Xlinker -alias -Xlinker _main -Xlinker ___debug_main_executable_dylib_entry_point -o /Users/bytedance/Library/Developer/Xcode/DerivedData/Culler-cfbdinfwnavogcdeartxsdxzdvti/Build/Products/Debug/Culler.app/Contents/MacOS/Culler.debug.dylib

ConstructStubExecutorLinkFileList /Users/bytedance/Library/Developer/Xcode/DerivedData/Culler-cfbdinfwnavogcdeartxsdxzdvti/Build/Intermediates.noindex/Culler.build/Debug/Culler.build/Culler-ExecutorLinkFileList-normal-arm64.txt (in target 'Culler' from project 'Culler')
    cd /Users/bytedance/workspace/ai-demo/culler/Culler
    construct-stub-executor-link-file-list /Users/bytedance/Library/Developer/Xcode/DerivedData/Culler-cfbdinfwnavogcdeartxsdxzdvti/Build/Products/Debug/Culler.app/Contents/MacOS/Culler.debug.dylib /Applications/Xcode.app/Contents/Developer/Platforms/MacOSX.platform/Developer/usr/lib/libPreviewsJITStubExecutor_no_swift_entry_point.a /Applications/Xcode.app/Contents/Developer/Platforms/MacOSX.platform/Developer/usr/lib/libPreviewsJITStubExecutor.a --output /Users/bytedance/Library/Developer/Xcode/DerivedData/Culler-cfbdinfwnavogcdeartxsdxzdvti/Build/Intermediates.noindex/Culler.build/Debug/Culler.build/Culler-ExecutorLinkFileList-normal-arm64.txt
note: Using stub executor library with Swift entry point. (in target 'Culler' from project 'Culler')

Ld /Users/bytedance/Library/Developer/Xcode/DerivedData/Culler-cfbdinfwnavogcdeartxsdxzdvti/Build/Products/Debug/Culler.app/Contents/MacOS/Culler normal (in target 'Culler' from project 'Culler')
    cd /Users/bytedance/workspace/ai-demo/culler/Culler
    /Applications/Xcode.app/Contents/Developer/Toolchains/XcodeDefault.xctoolchain/usr/bin/clang -Xlinker -reproducible -target arm64-apple-macos14.0 -isysroot /Applications/Xcode.app/Contents/Developer/Platforms/MacOSX.platform/Developer/SDKs/MacOSX26.2.sdk -O0 -L/Users/bytedance/Library/Developer/Xcode/DerivedData/Culler-cfbdinfwnavogcdeartxsdxzdvti/Build/Products/Debug -F/Users/bytedance/Library/Developer/Xcode/DerivedData/Culler-cfbdinfwnavogcdeartxsdxzdvti/Build/Products/Debug -Xlinker -rpath -Xlinker @executable_path -Xlinker -rpath -Xlinker @executable_path/../Frameworks -rdynamic -Xlinker -no_deduplicate -e ___debug_blank_executor_main -Xlinker -sectcreate -Xlinker __TEXT -Xlinker __debug_dylib -Xlinker /Users/bytedance/Library/Developer/Xcode/DerivedData/Culler-cfbdinfwnavogcdeartxsdxzdvti/Build/Intermediates.noindex/Culler.build/Debug/Culler.build/Culler-DebugDylibPath-normal-arm64.txt -Xlinker -sectcreate -Xlinker __TEXT -Xlinker __debug_instlnm -Xlinker /Users/bytedance/Library/Developer/Xcode/DerivedData/Culler-cfbdinfwnavogcdeartxsdxzdvti/Build/Intermediates.noindex/Culler.build/Debug/Culler.build/Culler-DebugDylibInstallName-normal-arm64.txt -Xlinker -filelist -Xlinker /Users/bytedance/Library/Developer/Xcode/DerivedData/Culler-cfbdinfwnavogcdeartxsdxzdvti/Build/Intermediates.noindex/Culler.build/Debug/Culler.build/Culler-ExecutorLinkFileList-normal-arm64.txt /Users/bytedance/Library/Developer/Xcode/DerivedData/Culler-cfbdinfwnavogcdeartxsdxzdvti/Build/Products/Debug/Culler.app/Contents/MacOS/Culler.debug.dylib -o /Users/bytedance/Library/Developer/Xcode/DerivedData/Culler-cfbdinfwnavogcdeartxsdxzdvti/Build/Products/Debug/Culler.app/Contents/MacOS/Culler

CopySwiftLibs /Users/bytedance/Library/Developer/Xcode/DerivedData/Culler-cfbdinfwnavogcdeartxsdxzdvti/Build/Products/Debug/Culler.app (in target 'Culler' from project 'Culler')
    cd /Users/bytedance/workspace/ai-demo/culler/Culler
    builtin-swiftStdLibTool --copy --verbose --scan-executable /Users/bytedance/Library/Developer/Xcode/DerivedData/Culler-cfbdinfwnavogcdeartxsdxzdvti/Build/Products/Debug/Culler.app/Contents/MacOS/Culler.debug.dylib --scan-folder /Users/bytedance/Library/Developer/Xcode/DerivedData/Culler-cfbdinfwnavogcdeartxsdxzdvti/Build/Products/Debug/Culler.app/Contents/Frameworks --scan-folder /Users/bytedance/Library/Developer/Xcode/DerivedData/Culler-cfbdinfwnavogcdeartxsdxzdvti/Build/Products/Debug/Culler.app/Contents/PlugIns --scan-folder /Users/bytedance/Library/Developer/Xcode/DerivedData/Culler-cfbdinfwnavogcdeartxsdxzdvti/Build/Products/Debug/Culler.app/Contents/Library/SystemExtensions --scan-folder /Users/bytedance/Library/Developer/Xcode/DerivedData/Culler-cfbdinfwnavogcdeartxsdxzdvti/Build/Products/Debug/Culler.app/Contents/Extensions --platform macosx --toolchain /Applications/Xcode.app/Contents/Developer/Toolchains/XcodeDefault.xctoolchain --destination /Users/bytedance/Library/Developer/Xcode/DerivedData/Culler-cfbdinfwnavogcdeartxsdxzdvti/Build/Products/Debug/Culler.app/Contents/Frameworks --strip-bitcode --strip-bitcode-tool /Applications/Xcode.app/Contents/Developer/Toolchains/XcodeDefault.xctoolchain/usr/bin/bitcode_strip --emit-dependency-info /Users/bytedance/Library/Developer/Xcode/DerivedData/Culler-cfbdinfwnavogcdeartxsdxzdvti/Build/Intermediates.noindex/Culler.build/Debug/Culler.build/SwiftStdLibToolInputDependencies.dep --filter-for-swift-os --back-deploy-swift-span
Ignoring --strip-bitcode because --sign was not passed

ExtractAppIntentsMetadata (in target 'Culler' from project 'Culler')
    cd /Users/bytedance/workspace/ai-demo/culler/Culler
    /Applications/Xcode.app/Contents/Developer/Toolchains/XcodeDefault.xctoolchain/usr/bin/appintentsmetadataprocessor --toolchain-dir /Applications/Xcode.app/Contents/Developer/Toolchains/XcodeDefault.xctoolchain --module-name Culler --sdk-root /Applications/Xcode.app/Contents/Developer/Platforms/MacOSX.platform/Developer/SDKs/MacOSX26.2.sdk --xcode-version 17C52 --platform-family macOS --deployment-target 14.0 --bundle-identifier com.culler.app --output /Users/bytedance/Library/Developer/Xcode/DerivedData/Culler-cfbdinfwnavogcdeartxsdxzdvti/Build/Products/Debug/Culler.app/Contents/Resources --target-triple arm64-apple-macos14.0 --binary-file /Users/bytedance/Library/Developer/Xcode/DerivedData/Culler-cfbdinfwnavogcdeartxsdxzdvti/Build/Products/Debug/Culler.app/Contents/MacOS/Culler --dependency-file /Users/bytedance/Library/Developer/Xcode/DerivedData/Culler-cfbdinfwnavogcdeartxsdxzdvti/Build/Intermediates.noindex/Culler.build/Debug/Culler.build/Objects-normal/arm64/Culler_dependency_info.dat --stringsdata-file /Users/bytedance/Library/Developer/Xcode/DerivedData/Culler-cfbdinfwnavogcdeartxsdxzdvti/Build/Intermediates.noindex/Culler.build/Debug/Culler.build/Objects-normal/arm64/ExtractedAppShortcutsMetadata.stringsdata --source-file-list /Users/bytedance/Library/Developer/Xcode/DerivedData/Culler-cfbdinfwnavogcdeartxsdxzdvti/Build/Intermediates.noindex/Culler.build/Debug/Culler.build/Objects-normal/arm64/Culler.SwiftFileList --metadata-file-list /Users/bytedance/Library/Developer/Xcode/DerivedData/Culler-cfbdinfwnavogcdeartxsdxzdvti/Build/Intermediates.noindex/Culler.build/Debug/Culler.build/Culler.DependencyMetadataFileList --static-metadata-file-list /Users/bytedance/Library/Developer/Xcode/DerivedData/Culler-cfbdinfwnavogcdeartxsdxzdvti/Build/Intermediates.noindex/Culler.build/Debug/Culler.build/Culler.DependencyStaticMetadataFileList --swift-const-vals-list /Users/bytedance/Library/Developer/Xcode/DerivedData/Culler-cfbdinfwnavogcdeartxsdxzdvti/Build/Intermediates.noindex/Culler.build/Debug/Culler.build/Objects-normal/arm64/Culler.SwiftConstValuesFileList --compile-time-extraction --deployment-aware-processing --validate-assistant-intents --no-app-shortcuts-localization
2026-01-02 18:38:24.767 appintentsmetadataprocessor[4261:63550812] Starting appintentsmetadataprocessor export
2026-01-02 18:38:24.768 appintentsmetadataprocessor[4261:63550812] warning: Metadata extraction skipped. No AppIntents.framework dependency found.

Validate /Users/bytedance/Library/Developer/Xcode/DerivedData/Culler-cfbdinfwnavogcdeartxsdxzdvti/Build/Products/Debug/Culler.app (in target 'Culler' from project 'Culler')
    cd /Users/bytedance/workspace/ai-demo/culler/Culler
    builtin-validationUtility /Users/bytedance/Library/Developer/Xcode/DerivedData/Culler-cfbdinfwnavogcdeartxsdxzdvti/Build/Products/Debug/Culler.app -no-validate-extension -infoplist-subpath Contents/Info.plist

RegisterWithLaunchServices /Users/bytedance/Library/Developer/Xcode/DerivedData/Culler-cfbdinfwnavogcdeartxsdxzdvti/Build/Products/Debug/Culler.app (in target 'Culler' from project 'Culler')
    cd /Users/bytedance/workspace/ai-demo/culler/Culler
    /System/Library/Frameworks/CoreServices.framework/Versions/Current/Frameworks/LaunchServices.framework/Versions/Current/Support/lsregister -f -R -trusted /Users/bytedance/Library/Developer/Xcode/DerivedData/Culler-cfbdinfwnavogcdeartxsdxzdvti/Build/Products/Debug/Culler.app

note: Removed stale file '/Users/bytedance/Library/Developer/Xcode/DerivedData/Culler-cfbdinfwnavogcdeartxsdxzdvti/Build/Intermediates.noindex/Culler.build/Debug/Culler.build/Culler.app.xcent'

note: Removed stale file '/Users/bytedance/Library/Developer/Xcode/DerivedData/Culler-cfbdinfwnavogcdeartxsdxzdvti/Build/Intermediates.noindex/Culler.build/Debug/Culler.build/Culler.app.xcent.der'

note: Removed stale file '/Users/bytedance/Library/Developer/Xcode/DerivedData/Culler-cfbdinfwnavogcdeartxsdxzdvti/Build/Intermediates.noindex/Culler.build/Debug/Culler.build/DerivedSources/Entitlements.plist'

warning: Skipping duplicate build file in Compile Sources build phase: /Users/bytedance/workspace/ai-demo/culler/Culler/Culler/Views/AppErrors.swift (in target 'Culler' from project 'Culler')
** BUILD SUCCEEDED **

